[debug] [2020-12-03T05:10:22.241Z] ----------------------------------------------------------------------
[debug] [2020-12-03T05:10:22.243Z] Command:       C:\Program Files\nodejs\node.exe C:\Users\luis\AppData\Roaming\npm-cache\_npx\14800\node_modules\firebase-tools\lib\bin\firebase.js deploy --only functions
[debug] [2020-12-03T05:10:22.243Z] CLI Version:   8.17.0
[debug] [2020-12-03T05:10:22.244Z] Platform:      win32
[debug] [2020-12-03T05:10:22.244Z] Node Version:  v14.2.0
[debug] [2020-12-03T05:10:22.245Z] Time:          Thu Dec 03 2020 00:10:22 GMT-0500 (Colombia Standard Time)
[debug] [2020-12-03T05:10:22.245Z] ----------------------------------------------------------------------
[debug] [2020-12-03T05:10:22.245Z] 
[debug] [2020-12-03T05:10:22.251Z] > command requires scopes: ["email","openid","https://www.googleapis.com/auth/cloudplatformprojects.readonly","https://www.googleapis.com/auth/firebase","https://www.googleapis.com/auth/cloud-platform"]
[debug] [2020-12-03T05:10:22.252Z] > authorizing via signed-in user
[debug] [2020-12-03T05:10:22.252Z] [iam] checking project lsm-1-46b3d for permissions ["cloudfunctions.functions.create","cloudfunctions.functions.delete","cloudfunctions.functions.get","cloudfunctions.functions.list","cloudfunctions.functions.update","cloudfunctions.operations.get","firebase.projects.get"]
[debug] [2020-12-03T05:10:22.255Z] >>> HTTP REQUEST POST https://cloudresourcemanager.googleapis.com/v1/projects/lsm-1-46b3d:testIamPermissions  
 {"permissions":["cloudfunctions.functions.create","cloudfunctions.functions.delete","cloudfunctions.functions.get","cloudfunctions.functions.list","cloudfunctions.functions.update","cloudfunctions.operations.get","firebase.projects.get"]}
[debug] [2020-12-03T05:10:23.357Z] <<< HTTP RESPONSE 200 {"content-type":"application/json; charset=UTF-8","vary":"X-Origin, Referer, Origin,Accept-Encoding","date":"Thu, 03 Dec 2020 05:10:21 GMT","server":"ESF","cache-control":"private","x-xss-protection":"0","x-frame-options":"SAMEORIGIN","x-content-type-options":"nosniff","server-timing":"gfet4t7; dur=864","alt-svc":"h3-29=\":443\"; ma=2592000,h3-T051=\":443\"; ma=2592000,h3-Q050=\":443\"; ma=2592000,h3-Q046=\":443\"; ma=2592000,h3-Q043=\":443\"; ma=2592000,quic=\":443\"; ma=2592000; v=\"46,43\"","accept-ranges":"none","transfer-encoding":"chunked"}
[debug] [2020-12-03T05:10:23.363Z] >>> HTTP REQUEST POST https://iam.googleapis.com/v1/projects/lsm-1-46b3d/serviceAccounts/lsm-1-46b3d@appspot.gserviceaccount.com:testIamPermissions  
 {"permissions":["iam.serviceAccounts.actAs"]}
[debug] [2020-12-03T05:10:24.440Z] <<< HTTP RESPONSE 200 {"content-type":"application/json; charset=UTF-8","vary":"X-Origin, Referer, Origin,Accept-Encoding","date":"Thu, 03 Dec 2020 05:10:22 GMT","server":"ESF","cache-control":"private","x-xss-protection":"0","x-frame-options":"SAMEORIGIN","x-content-type-options":"nosniff","alt-svc":"h3-29=\":443\"; ma=2592000,h3-T051=\":443\"; ma=2592000,h3-Q050=\":443\"; ma=2592000,h3-Q046=\":443\"; ma=2592000,h3-Q043=\":443\"; ma=2592000,quic=\":443\"; ma=2592000; v=\"46,43\"","accept-ranges":"none","transfer-encoding":"chunked"}
[info] 
[info] === Deploying to 'lsm-1-46b3d'...
[info] 
[info] i  deploying functions 
[info] Running command: npm --prefix "$RESOURCE_DIR" run lint
